<?xml version="1.0" encoding="UTF-8"?>
<!-- Generated by org.testng.reporters.JUnitReportReporter -->
<testsuite skipped="0" hostname="IBM-Testing01" name="DemoWebShopTests.RegisterPOMvalues" tests="1" failures="0" timestamp="05 Mar 2020 06:06:14 GMT" time="18.758" errors="0">
  <testcase name="checklogin" time="18.758" classname="DemoWebShopTests.RegisterPOMvalues"/>
</testsuite> <!-- DemoWebShopTests.RegisterPOMvalues -->
