<?xml version="1.0" encoding="UTF-8"?>
<!-- Generated by org.testng.reporters.JUnitReportReporter -->
<testsuite skipped="0" hostname="IBM-Testing01" name="POMwithPageFactory.CallingPOMwithTestFactory" tests="1" failures="0" timestamp="05 Mar 2020 09:06:03 GMT" time="16.128" errors="0">
  <testcase name="checklogin" time="16.128" classname="POMwithPageFactory.CallingPOMwithTestFactory"/>
</testsuite> <!-- POMwithPageFactory.CallingPOMwithTestFactory -->
