<?xml version="1.0" encoding="UTF-8"?>
<!-- Generated by org.testng.reporters.JUnitReportReporter -->
<testsuite skipped="0" hostname="IBM-Testing01" name="DemoWebShopTests.VerifyLogin" tests="1" failures="0" timestamp="05 Mar 2020 04:58:34 GMT" time="18.158" errors="0">
  <testcase name="checklogin" time="18.158" classname="DemoWebShopTests.VerifyLogin"/>
</testsuite> <!-- DemoWebShopTests.VerifyLogin -->
